23:23:40.877 [main] DEBUG tests.LoginTest - Browser got launched
23:23:42.061 [main] DEBUG tests.LoginTest - Navigated to application URL
23:23:42.563 [main] DEBUG tests.LoginTest - Clicked on My Account dropdown
23:23:42.900 [main] DEBUG tests.LoginTest - Clicked on login option
23:23:46.108 [main] DEBUG tests.LoginTest - Email addressed got entered
23:23:46.227 [main] DEBUG tests.LoginTest - Password got entered
23:23:46.771 [main] DEBUG tests.LoginTest - Clicked on Login Button
23:23:56.835 [main] DEBUG tests.LoginTest - User didn't log in
23:23:56.836 [main] ERROR tests.LoginTest - Login Test got failed
23:23:57.028 [main] DEBUG tests.LoginTest - Browser got closed
23:23:58.413 [main] DEBUG tests.LoginTest - Browser got launched
23:24:00.217 [main] DEBUG tests.LoginTest - Navigated to application URL
23:24:00.756 [main] DEBUG tests.LoginTest - Clicked on My Account dropdown
23:24:01.075 [main] DEBUG tests.LoginTest - Clicked on login option
23:24:04.242 [main] DEBUG tests.LoginTest - Email addressed got entered
23:24:04.332 [main] DEBUG tests.LoginTest - Password got entered
23:24:04.863 [main] DEBUG tests.LoginTest - Clicked on Login Button
23:24:14.927 [main] DEBUG tests.LoginTest - User didn't log in
23:24:14.927 [main] INFO  tests.LoginTest - Login Test got passed
23:24:15.060 [main] DEBUG tests.LoginTest - Browser got closed
15:11:13.824 [TestNG-tests-4] DEBUG tests.LoginTest - Browser got launched
15:11:17.273 [TestNG-tests-4] DEBUG tests.LoginTest - Navigated to application URL
15:11:18.699 [TestNG-tests-4] DEBUG tests.LoginTest - Clicked on My Account dropdown
15:11:19.113 [TestNG-tests-4] DEBUG tests.LoginTest - Clicked on login option
15:11:22.440 [TestNG-tests-4] DEBUG tests.LoginTest - Email addressed got entered
15:11:22.572 [TestNG-tests-4] DEBUG tests.LoginTest - Password got entered
15:11:23.069 [TestNG-tests-4] DEBUG tests.LoginTest - Clicked on Login Button
15:11:33.151 [TestNG-tests-4] DEBUG tests.LoginTest - User didn't log in
15:11:33.151 [TestNG-tests-4] ERROR tests.LoginTest - Login Test got failed
15:11:33.356 [TestNG-tests-4] DEBUG tests.LoginTest - Browser got closed
15:11:34.486 [TestNG-tests-4] DEBUG tests.LoginTest - Browser got launched
15:11:35.578 [TestNG-tests-4] DEBUG tests.LoginTest - Navigated to application URL
15:11:36.069 [TestNG-tests-4] DEBUG tests.LoginTest - Clicked on My Account dropdown
15:11:36.375 [TestNG-tests-4] DEBUG tests.LoginTest - Clicked on login option
15:11:39.551 [TestNG-tests-4] DEBUG tests.LoginTest - Email addressed got entered
15:11:39.645 [TestNG-tests-4] DEBUG tests.LoginTest - Password got entered
15:11:40.167 [TestNG-tests-4] DEBUG tests.LoginTest - Clicked on Login Button
15:11:50.277 [TestNG-tests-4] DEBUG tests.LoginTest - User didn't log in
15:11:50.278 [TestNG-tests-4] INFO  tests.LoginTest - Login Test got passed
15:11:50.393 [TestNG-tests-4] DEBUG tests.LoginTest - Browser got closed
15:13:31.949 [TestNG-tests-4] DEBUG tests.LoginTest - Browser got launched
15:13:33.890 [TestNG-tests-4] DEBUG tests.LoginTest - Navigated to application URL
15:13:35.582 [TestNG-tests-4] DEBUG tests.LoginTest - Clicked on My Account dropdown
15:13:36.461 [TestNG-tests-4] DEBUG tests.LoginTest - Clicked on login option
15:13:39.740 [TestNG-tests-4] DEBUG tests.LoginTest - Email addressed got entered
15:13:39.872 [TestNG-tests-4] DEBUG tests.LoginTest - Password got entered
15:13:40.395 [TestNG-tests-4] DEBUG tests.LoginTest - Clicked on Login Button
15:13:50.497 [TestNG-tests-4] DEBUG tests.LoginTest - User didn't log in
15:13:50.498 [TestNG-tests-4] ERROR tests.LoginTest - Login Test got failed
15:13:50.630 [TestNG-tests-4] DEBUG tests.LoginTest - Browser got closed
15:13:51.824 [TestNG-tests-4] DEBUG tests.LoginTest - Browser got launched
15:13:53.165 [TestNG-tests-4] DEBUG tests.LoginTest - Navigated to application URL
15:13:53.629 [TestNG-tests-4] DEBUG tests.LoginTest - Clicked on My Account dropdown
15:13:53.962 [TestNG-tests-4] DEBUG tests.LoginTest - Clicked on login option
15:13:57.129 [TestNG-tests-4] DEBUG tests.LoginTest - Email addressed got entered
15:13:57.224 [TestNG-tests-4] DEBUG tests.LoginTest - Password got entered
15:13:57.743 [TestNG-tests-4] DEBUG tests.LoginTest - Clicked on Login Button
15:14:07.782 [TestNG-tests-4] DEBUG tests.LoginTest - User didn't log in
15:14:07.782 [TestNG-tests-4] INFO  tests.LoginTest - Login Test got passed
15:14:07.917 [TestNG-tests-4] DEBUG tests.LoginTest - Browser got closed
22:11:17.276 [TestNG-tests-4] DEBUG tests.LoginTest - Browser got launched
22:11:27.391 [TestNG-tests-4] DEBUG tests.LoginTest - Navigated to application URL
22:11:30.036 [TestNG-tests-4] DEBUG tests.LoginTest - Clicked on My Account dropdown
22:11:30.471 [TestNG-tests-4] DEBUG tests.LoginTest - Clicked on login option
22:11:33.614 [TestNG-tests-4] DEBUG tests.LoginTest - Email addressed got entered
22:11:33.707 [TestNG-tests-4] DEBUG tests.LoginTest - Password got entered
22:11:34.295 [TestNG-tests-4] DEBUG tests.LoginTest - Clicked on Login Button
22:11:44.317 [TestNG-tests-4] DEBUG tests.LoginTest - User didn't log in
22:11:44.317 [TestNG-tests-4] ERROR tests.LoginTest - Login Test got failed
22:11:44.402 [TestNG-tests-4] DEBUG tests.LoginTest - Browser got closed
22:11:45.502 [TestNG-tests-4] DEBUG tests.LoginTest - Browser got launched
22:11:46.926 [TestNG-tests-4] DEBUG tests.LoginTest - Navigated to application URL
22:11:47.510 [TestNG-tests-4] DEBUG tests.LoginTest - Clicked on My Account dropdown
22:11:47.849 [TestNG-tests-4] DEBUG tests.LoginTest - Clicked on login option
22:11:51.060 [TestNG-tests-4] DEBUG tests.LoginTest - Email addressed got entered
22:11:51.152 [TestNG-tests-4] DEBUG tests.LoginTest - Password got entered
22:11:51.693 [TestNG-tests-4] DEBUG tests.LoginTest - Clicked on Login Button
22:12:01.799 [TestNG-tests-4] DEBUG tests.LoginTest - User didn't log in
22:12:01.799 [TestNG-tests-4] INFO  tests.LoginTest - Login Test got passed
22:12:01.928 [TestNG-tests-4] DEBUG tests.LoginTest - Browser got closed
22:28:42.217 [TestNG-tests-4] DEBUG tests.LoginTest - Browser got launched
22:28:45.881 [TestNG-tests-4] DEBUG tests.LoginTest - Navigated to application URL
22:28:47.090 [TestNG-tests-4] DEBUG tests.LoginTest - Clicked on My Account dropdown
22:28:47.825 [TestNG-tests-4] DEBUG tests.LoginTest - Clicked on login option
22:28:51.021 [TestNG-tests-4] DEBUG tests.LoginTest - Email addressed got entered
22:28:51.126 [TestNG-tests-4] DEBUG tests.LoginTest - Password got entered
22:28:51.668 [TestNG-tests-4] DEBUG tests.LoginTest - Clicked on Login Button
22:29:01.746 [TestNG-tests-4] DEBUG tests.LoginTest - User didn't log in
22:29:01.747 [TestNG-tests-4] ERROR tests.LoginTest - Login Test got failed
22:29:01.885 [TestNG-tests-4] DEBUG tests.LoginTest - Browser got closed
22:29:03.028 [TestNG-tests-4] DEBUG tests.LoginTest - Browser got launched
22:29:04.062 [TestNG-tests-4] DEBUG tests.LoginTest - Navigated to application URL
22:29:04.620 [TestNG-tests-4] DEBUG tests.LoginTest - Clicked on My Account dropdown
22:29:04.950 [TestNG-tests-4] DEBUG tests.LoginTest - Clicked on login option
22:29:08.159 [TestNG-tests-4] DEBUG tests.LoginTest - Email addressed got entered
22:29:08.249 [TestNG-tests-4] DEBUG tests.LoginTest - Password got entered
22:29:08.790 [TestNG-tests-4] DEBUG tests.LoginTest - Clicked on Login Button
22:29:18.826 [TestNG-tests-4] DEBUG tests.LoginTest - User didn't log in
22:29:18.827 [TestNG-tests-4] INFO  tests.LoginTest - Login Test got passed
22:29:18.950 [TestNG-tests-4] DEBUG tests.LoginTest - Browser got closed
15:49:40.152 [main] DEBUG tests.LoginTest - Browser got launched
15:49:41.607 [main] DEBUG tests.LoginTest - Navigated to application URL
15:49:42.558 [main] DEBUG tests.LoginTest - Clicked on My Account dropdown
15:49:42.874 [main] DEBUG tests.LoginTest - Clicked on login option
15:49:46.142 [main] DEBUG tests.LoginTest - Email addressed got entered
15:49:46.244 [main] DEBUG tests.LoginTest - Password got entered
15:49:46.771 [main] DEBUG tests.LoginTest - Clicked on Login Button
15:49:56.811 [main] DEBUG tests.LoginTest - User didn't log in
15:49:56.811 [main] ERROR tests.LoginTest - Login Test got failed
15:49:56.938 [main] DEBUG tests.LoginTest - Browser got closed
15:49:58.174 [main] DEBUG tests.LoginTest - Browser got launched
15:49:59.229 [main] DEBUG tests.LoginTest - Navigated to application URL
15:49:59.807 [main] DEBUG tests.LoginTest - Clicked on My Account dropdown
15:50:00.093 [main] DEBUG tests.LoginTest - Clicked on login option
15:50:03.272 [main] DEBUG tests.LoginTest - Email addressed got entered
15:50:03.360 [main] DEBUG tests.LoginTest - Password got entered
15:50:04.913 [main] DEBUG tests.LoginTest - Clicked on Login Button
15:50:14.989 [main] DEBUG tests.LoginTest - User didn't log in
15:50:14.989 [main] INFO  tests.LoginTest - Login Test got passed
15:50:15.136 [main] DEBUG tests.LoginTest - Browser got closed
16:30:10.759 [main] DEBUG tests.LoginTest - Browser got launched
16:30:11.890 [main] DEBUG tests.LoginTest - Navigated to application URL
16:30:12.397 [main] DEBUG tests.LoginTest - Clicked on My Account dropdown
16:30:12.718 [main] DEBUG tests.LoginTest - Clicked on login option
16:30:15.917 [main] DEBUG tests.LoginTest - Email addressed got entered
16:30:16.022 [main] DEBUG tests.LoginTest - Password got entered
16:30:16.547 [main] DEBUG tests.LoginTest - Clicked on Login Button
16:30:26.628 [main] DEBUG tests.LoginTest - User didn't log in
16:30:26.629 [main] ERROR tests.LoginTest - Login Test got failed
16:30:26.776 [main] DEBUG tests.LoginTest - Browser got closed
16:30:28.203 [main] DEBUG tests.LoginTest - Browser got launched
16:30:29.306 [main] DEBUG tests.LoginTest - Navigated to application URL
16:30:29.750 [main] DEBUG tests.LoginTest - Clicked on My Account dropdown
16:30:30.271 [main] DEBUG tests.LoginTest - Clicked on login option
